<?xml version="1.0" encoding="UTF-8"?>
<!-- Generated by org.testng.reporters.JUnitReportReporter -->
<testsuite skipped="0" hostname="Pavan" name="com.shop.testcases.EndToEndTEst" tests="1" failures="0" timestamp="2022-04-22T10:39:53 IST" time="47.507" errors="0">
  <testcase name="endToEndTest" time="47.507" classname="com.shop.testcases.EndToEndTEst"/>
  <system-out/>
</testsuite> <!-- com.shop.testcases.EndToEndTEst -->
