<?xml version="1.0" encoding="UTF-8"?>
<!-- Generated by org.testng.reporters.JUnitReportReporter -->
<testsuite skipped="0" hostname="Pavan" name="com.shop.testcases.HomePageTest" tests="2" failures="0" timestamp="2022-04-22T10:39:53 IST" time="31.629" errors="0">
  <testcase name="verifyWishList" time="16.186" classname="com.shop.testcases.HomePageTest"/>
  <system-out/>
  <testcase name="orderHistoryandDetailsTest" time="15.443" classname="com.shop.testcases.HomePageTest"/>
  <system-out/>
</testsuite> <!-- com.shop.testcases.HomePageTest -->
