<?xml version="1.0" encoding="UTF-8"?>
<!-- Generated by org.testng.reporters.JUnitReportReporter -->
<testsuite skipped="0" hostname="Pavan" name="com.shop.testcases.IndexPageTest" tests="2" failures="0" timestamp="2022-04-22T10:39:53 IST" time="21.972" errors="0">
  <testcase name="verifyTitle" time="10.211" classname="com.shop.testcases.IndexPageTest"/>
  <system-out/>
  <testcase name="verifyLogo" time="11.761" classname="com.shop.testcases.IndexPageTest"/>
  <system-out/>
</testsuite> <!-- com.shop.testcases.IndexPageTest -->
