<?xml version="1.0" encoding="UTF-8"?>
<!-- Generated by org.testng.reporters.JUnitReportReporter -->
<testsuite skipped="0" hostname="Pavan" name="com.shop.testcases.OrderPageTest" tests="1" failures="0" timestamp="2022-04-22T10:39:53 IST" time="28.395" errors="0">
  <testcase name="verifyTotalPrice" time="28.395" classname="com.shop.testcases.OrderPageTest"/>
  <system-out/>
</testsuite> <!-- com.shop.testcases.OrderPageTest -->
