<?xml version="1.0" encoding="UTF-8"?>
<!-- Generated by org.testng.reporters.JUnitReportReporter -->
<testsuite skipped="0" hostname="Pavan" name="com.shop.testcases.AccountCreationPageTest" tests="1" failures="0" timestamp="2022-04-22T10:39:53 IST" time="21.033" errors="0">
  <testcase name="verifycreateAccountPageTest" time="21.033" classname="com.shop.testcases.AccountCreationPageTest"/>
  <system-out/>
</testsuite> <!-- com.shop.testcases.AccountCreationPageTest -->
